\BOOKMARK [1][-]{section*.1}{\376\377\0000\0001\000.\000\040\000F\000U\000N\000C\000T\000I\000O\000N\000S\000\040\000\046\000\040\000L\000I\000M\000I\000T\000S}{}% 1
\BOOKMARK [2][-]{section*.2}{\376\377\000R\000u\000l\000e\000s\000\040\000o\000f\000\040\000L\000i\000m\000i\000t\000s}{section*.1}% 2
\BOOKMARK [1][-]{section*.3}{\376\377\0000\0002\000.\000\040\000D\000I\000F\000F\000E\000R\000E\000N\000T\000I\000A\000T\000I\000O\000N}{}% 3
\BOOKMARK [2][-]{section*.4}{\376\377\000D\000i\000f\000f\000e\000r\000e\000n\000t\000i\000a\000t\000i\000o\000n\000\040\000T\000e\000c\000h\000n\000i\000q\000u\000e\000s}{section*.3}% 4
\BOOKMARK [2][-]{section*.5}{\376\377\000L\000'\000H\000o\000p\000i\000t\000a\000l\000'\000s\000\040\000R\000u\000l\000e}{section*.3}% 5
\BOOKMARK [1][-]{section*.6}{\376\377\0000\0003\000.\000\040\000I\000N\000T\000E\000G\000R\000A\000T\000I\000O\000N}{}% 6
\BOOKMARK [2][-]{section*.7}{\376\377\000I\000n\000t\000e\000g\000r\000a\000t\000i\000o\000n\000\040\000T\000e\000c\000h\000n\000i\000q\000u\000e\000s}{section*.6}% 7
\BOOKMARK [2][-]{section*.8}{\376\377\000V\000o\000l\000u\000m\000e\000\040\000o\000f\000\040\000R\000e\000v\000o\000l\000u\000t\000i\000o\000n}{section*.6}% 8
\BOOKMARK [1][-]{section*.9}{\376\377\0000\0004\000.\000\040\000S\000E\000R\000I\000E\000S}{}% 9
\BOOKMARK [2][-]{section*.10}{\376\377\000G\000e\000o\000m\000e\000t\000r\000i\000c\000\040\000S\000e\000r\000i\000e\000s}{section*.9}% 10
\BOOKMARK [2][-]{section*.11}{\376\377\000P\000o\000w\000e\000r\000\040\000S\000e\000r\000i\000e\000s}{section*.9}% 11
\BOOKMARK [2][-]{section*.12}{\376\377\000T\000a\000y\000l\000o\000r\000\040\000s\000e\000r\000i\000e\000s}{section*.9}% 12
\BOOKMARK [3][-]{section*.13}{\376\377\000R\000a\000d\000i\000u\000s\000\040\000o\000f\000\040\000C\000o\000n\000v\000e\000r\000g\000e\000n\000c\000e}{section*.12}% 13
\BOOKMARK [2][-]{section*.14}{\376\377\000M\000a\000c\000L\000a\000u\000r\000i\000n\000\040\000S\000e\000r\000i\000e\000s}{section*.9}% 14
\BOOKMARK [3][-]{section*.15}{\376\377\000D\000i\000f\000f\000e\000r\000e\000n\000t\000i\000a\000t\000i\000o\000n\000/\000I\000n\000t\000e\000g\000r\000a\000t\000i\000o\000n}{section*.14}% 15
\BOOKMARK [1][-]{section*.16}{\376\377\0000\0005\000.\000\040\000V\000E\000C\000T\000O\000R\000S}{}% 16
\BOOKMARK [2][-]{section*.17}{\376\377\000D\000o\000t\000\040\000p\000r\000o\000d\000u\000c\000t}{section*.16}% 17
\BOOKMARK [2][-]{section*.18}{\376\377\000C\000r\000o\000s\000s\000\040\000p\000r\000o\000d\000u\000c\000t}{section*.16}% 18
\BOOKMARK [2][-]{section*.19}{\376\377\000P\000r\000o\000j\000e\000c\000t\000i\000o\000n}{section*.16}% 19
\BOOKMARK [2][-]{section*.20}{\376\377\000P\000l\000a\000n\000e\000s}{section*.16}% 20
\BOOKMARK [3][-]{section*.21}{\376\377\000E\000q\000u\000a\000t\000i\000o\000n\000\040\000o\000f\000\040\000a\000\040\000P\000l\000a\000n\000e}{section*.20}% 21
\BOOKMARK [3][-]{section*.22}{\376\377\000D\000i\000s\000t\000a\000n\000c\000e\000\040\000f\000r\000o\000m\000\040\000a\000\040\000p\000o\000i\000n\000t\000\040\000t\000o\000\040\000a\000\040\000p\000l\000a\000n\000e}{section*.20}% 22
\BOOKMARK [1][-]{section*.23}{\376\377\0000\0006\000.\000\040\000P\000A\000R\000T\000I\000A\000L\000\040\000D\000I\000F\000F\000E\000R\000E\000N\000T\000I\000A\000T\000I\000O\000N}{}% 23
\BOOKMARK [2][-]{section*.24}{\376\377\000P\000a\000r\000t\000i\000a\000l\000\040\000D\000e\000r\000i\000v\000a\000t\000i\000v\000e\000s}{section*.23}% 24
\BOOKMARK [2][-]{section*.25}{\376\377\000C\000h\000a\000i\000n\000\040\000R\000u\000l\000e}{section*.23}% 25
\BOOKMARK [2][-]{section*.26}{\376\377\000D\000i\000r\000e\000c\000t\000i\000o\000n\000a\000l\000\040\000D\000e\000r\000i\000v\000a\000t\000i\000v\000e\000s}{section*.23}% 26
\BOOKMARK [3][-]{section*.27}{\376\377\000G\000r\000a\000d\000i\000e\000n\000t\000\040\000V\000e\000c\000t\000o\000r}{section*.26}% 27
\BOOKMARK [3][-]{section*.28}{\376\377\000P\000h\000y\000s\000i\000c\000a\000l\000\040\000M\000e\000a\000n\000i\000n\000g}{section*.26}% 28
\BOOKMARK [2][-]{section*.29}{\376\377\000M\000a\000x\000i\000m\000u\000m\000\040\000\046\000\040\000M\000i\000n\000i\000m\000u\000m\000\040\000V\000a\000l\000u\000e\000s}{section*.23}% 29
\BOOKMARK [3][-]{section*.30}{\376\377\000C\000r\000i\000t\000i\000c\000a\000l\000\040\000P\000o\000i\000n\000t\000s}{section*.29}% 30
\BOOKMARK [3][-]{section*.31}{\376\377\000S\000a\000d\000d\000l\000e\000\040\000P\000o\000i\000n\000t\000s}{section*.29}% 31
\BOOKMARK [3][-]{section*.32}{\376\377\000S\000e\000c\000o\000n\000d\000\040\000D\000e\000r\000i\000v\000a\000t\000i\000v\000e\000\040\000T\000e\000s\000t}{section*.29}% 32
\BOOKMARK [1][-]{section*.33}{\376\377\0000\0007\000.\000\040\000D\000O\000U\000B\000L\000E\000\040\000I\000N\000T\000E\000G\000R\000A\000L\000S}{}% 33
\BOOKMARK [2][-]{section*.34}{\376\377\000G\000e\000o\000m\000e\000t\000r\000i\000c\000\040\000M\000e\000a\000n\000i\000n\000g}{section*.33}% 34
\BOOKMARK [2][-]{section*.35}{\376\377\000P\000r\000o\000p\000e\000r\000t\000i\000e\000s\000\040\000o\000f\000\040\000D\000o\000u\000b\000l\000e\000\040\000I\000n\000t\000e\000g\000r\000a\000l\000s}{section*.33}% 35
\BOOKMARK [2][-]{section*.36}{\376\377\000R\000e\000c\000t\000a\000n\000g\000u\000l\000a\000r\000\040\000R\000e\000g\000i\000o\000n\000s}{section*.33}% 36
\BOOKMARK [2][-]{section*.37}{\376\377\000G\000e\000n\000e\000r\000a\000l\000\040\000R\000e\000g\000i\000o\000n\000s}{section*.33}% 37
\BOOKMARK [3][-]{section*.38}{\376\377\000T\000y\000p\000e\000\040\000A}{section*.37}% 38
\BOOKMARK [3][-]{section*.39}{\376\377\000T\000y\000p\000e\000\040\000B}{section*.37}% 39
\BOOKMARK [2][-]{section*.40}{\376\377\000P\000o\000l\000a\000r\000\040\000C\000o\000o\000r\000d\000i\000n\000a\000t\000e\000s}{section*.33}% 40
\BOOKMARK [2][-]{section*.41}{\376\377\000A\000p\000p\000l\000i\000c\000a\000t\000i\000o\000n\000s}{section*.33}% 41
\BOOKMARK [3][-]{section*.42}{\376\377\000V\000o\000l\000u\000m\000e}{section*.41}% 42
\BOOKMARK [3][-]{section*.43}{\376\377\000S\000u\000r\000f\000a\000c\000e\000\040\000A\000r\000e\000a}{section*.41}% 43
\BOOKMARK [1][-]{section*.44}{\376\377\0000\0008\000.\000\040\000O\000R\000D\000I\000N\000A\000R\000Y\000\040\000D\000I\000F\000F\000E\000R\000E\000N\000T\000I\000A\000L\000\040\000E\000Q\000U\000A\000T\000I\000O\000N\000S}{}% 44
\BOOKMARK [2][-]{section*.45}{\376\377\000S\000e\000p\000a\000r\000a\000b\000l\000e\000\040\000E\000q\000u\000a\000t\000i\000o\000n\000s}{section*.44}% 45
\BOOKMARK [2][-]{section*.46}{\376\377\000R\000e\000d\000u\000c\000t\000i\000o\000n\000s\000\040\000t\000o\000\040\000S\000e\000p\000a\000r\000a\000b\000l\000e\000\040\000F\000o\000r\000m}{section*.44}% 46
\BOOKMARK [2][-]{section*.47}{\376\377\000P\000o\000p\000u\000l\000a\000t\000i\000o\000n\000\040\000M\000o\000d\000e\000l\000s}{section*.44}% 47
